Print initial account balances
Account: 1234 	Name: Mike 	Balance:	1000.0
Account: 2345 	Name: Adam 	Balance:	2000.0
Account: 3456 	Name: Linda 	Balance:	3000.0
Account: 4567 	Name: John 	Balance:	4000.0
Account: 5678 	Name: Rami 	Balance:	5000.0
Account: 6789 	Name: Lee 	Balance:	6000.0
Account: 7890 	Name: Tom 	Balance:	7000.0
Account: 8901 	Name: Lisa 	Balance:	8000.0
Account: 9012 	Name: Sam 	Balance:	9000.0
Account: 4321 	Name: Ted 	Balance:	10000.0
Depositor and Withdrawal threads have been created
Print final account balances after all the child thread terminated...
Account: 1234 	Name: Mike 	Balance:	-9.992863E7
Account: 2345 	Name: Adam 	Balance:	2.747849E7
Account: 3456 	Name: Linda 	Balance:	-546030.0
Account: 4567 	Name: John 	Balance:	7.012912E7
Account: 5678 	Name: Rami 	Balance:	-9.993356E7
Account: 6789 	Name: Lee 	Balance:	-8.908791E7
Account: 7890 	Name: Tom 	Balance:	-9.949011E7
Account: 8901 	Name: Lisa 	Balance:	-3.916574E7
Account: 9012 	Name: Sam 	Balance:	-5.800636E7
Account: 4321 	Name: Ted 	Balance:	3.710348E7
Elapsed time in milliseconds 118
Elapsed time in seconds is 0.118